Using pre-set license
Desktop is 1920 x 1080 @ 60 Hz

 COMMAND LINE ARGUMENTS:
Unity
-adb2
-batchMode
-noUpm
-name
AssetImportWorker0
-projectPath
/home/frederik/Meine Dateien/Informatik/Unity/sharing_but_daring
-logFile
Logs/AssetImportWorker0.log
-srvPort
37437
Successfully changed project path to: /home/frederik/Meine Dateien/Informatik/Unity/sharing_but_daring
/home/frederik/Meine Dateien/Informatik/Unity/sharing_but_daring
Using Asset Import Pipeline V2.
Refreshing native plugins compatible for Editor in 45,07 ms, found 1 plugins.
Preloading 0 native plugins for Editor in 0,00 ms.
Initialize engine version: 2020.3.11f1 (99c7afb366b3)
[Subsystems] Discovering subsystems at path /home/frederik/Unity/Hub/Editor/2020.3.11f1/Editor/Data/Resources/UnitySubsystems
[Subsystems] Discovering subsystems at path /home/frederik/Meine Dateien/Informatik/Unity/sharing_but_daring/Assets
GLX Extensions: GLX_ARB_create_context GLX_ARB_create_context_no_error GLX_ARB_create_context_profile GLX_ARB_create_context_robustness GLX_ARB_fbconfig_float GLX_ARB_framebuffer_sRGB GLX_ARB_get_proc_address GLX_ARB_multisample GLX_EXT_buffer_age GLX_EXT_create_context_es2_profile GLX_EXT_create_context_es_profile GLX_EXT_fbconfig_packed_float GLX_EXT_framebuffer_sRGB GLX_EXT_import_context GLX_EXT_texture_from_pixmap GLX_EXT_visual_info GLX_EXT_visual_rating GLX_INTEL_swap_event GLX_MESA_copy_sub_buffer GLX_MESA_query_renderer GLX_MESA_swap_control GLX_OML_swap_method GLX_OML_sync_control GLX_SGIS_multisample GLX_SGIX_fbconfig GLX_SGIX_pbuffer GLX_SGIX_visual_select_group GLX_SGI_make_current_read GLX_SGI_swap_control GLX_SGI_video_sync 
Renderer: Mesa Intel(R) UHD Graphics (CML GT2)
Vendor:   Intel
Version:  4.6 (Core Profile) Mesa 20.2.6
GLES:     0
 GL_3DFX_texture_compression_FXT1 GL_AMD_conservative_depth GL_AMD_depth_clamp_separate GL_AMD_draw_buffers_blend GL_AMD_gpu_shader_int64 GL_AMD_multi_draw_indirect GL_AMD_performance_monitor GL_AMD_pinned_memory GL_AMD_query_buffer_object GL_AMD_seamless_cubemap_per_texture GL_AMD_shader_stencil_export GL_AMD_shader_trinary_minmax GL_AMD_texture_texture4 GL_AMD_vertex_shader_layer GL_AMD_vertex_shader_viewport_index GL_ANGLE_texture_compression_dxt3 GL_ANGLE_texture_compression_dxt5 GL_ARB_ES2_compatibility GL_ARB_ES3_1_compatibility GL_ARB_ES3_2_compatibility GL_ARB_ES3_compatibility GL_ARB_arrays_of_arrays GL_ARB_base_instance GL_ARB_blend_func_extended GL_ARB_buffer_storage GL_ARB_clear_buffer_object GL_ARB_clear_texture GL_ARB_clip_control GL_ARB_compressed_texture_pixel_storage GL_ARB_compute_shader GL_ARB_compute_variable_group_size GL_ARB_conditional_render_inverted GL_ARB_conservative_depth GL_ARB_copy_buffer GL_ARB_copy_image GL_ARB_cull_distance GL_ARB_debug_output GL_ARB_depth_buffer_float GL_ARB
_depth_clamp GL_ARB_derivative_control GL_ARB_direct_state_access GL_ARB_draw_buffers GL_ARB_draw_buffers_blend GL_ARB_draw_elements_base_vertex GL_ARB_draw_indirect GL_ARB_draw_instanced GL_ARB_enhanced_layouts GL_ARB_explicit_attrib_location GL_ARB_explicit_uniform_location GL_ARB_fragment_coord_conventions GL_ARB_fragment_layer_viewport GL_ARB_fragment_shader GL_ARB_fragment_shader_interlock GL_ARB_framebuffer_no_attachments GL_ARB_framebuffer_object GL_ARB_framebuffer_sRGB GL_ARB_get_program_binary GL_ARB_get_texture_sub_image GL_ARB_gl_spirv GL_ARB_gpu_shader5 GL_ARB_gpu_shader_fp64 GL_ARB_gpu_shader_int64 GL_ARB_half_float_pixel GL_ARB_half_float_vertex GL_ARB_indirect_parameters GL_ARB_instanced_arrays GL_ARB_internalformat_query GL_ARB_internalformat_query2 GL_ARB_invalidate_subdata GL_ARB_map_buffer_alignment GL_ARB_map_buffer_range GL_ARB_multi_bind GL_ARB_multi_draw_indirect GL_ARB_occlusion_query2 GL_ARB_parallel_shader_compile GL_ARB_pipeline_statistics_query GL_ARB_pixel_buffer_object GL_ARB_po
int_sprite GL_ARB_polygon_offset_clamp GL_ARB_post_depth_coverage GL_ARB_program_interface_query GL_ARB_provoking_vertex GL_ARB_query_buffer_object GL_ARB_robust_buffer_access_behavior GL_ARB_robustness GL_ARB_sample_shading GL_ARB_sampler_objects GL_ARB_seamless_cube_map GL_ARB_seamless_cubemap_per_texture GL_ARB_separate_shader_objects GL_ARB_shader_atomic_counter_ops GL_ARB_shader_atomic_counters GL_ARB_shader_ballot GL_ARB_shader_bit_encoding GL_ARB_shader_clock GL_ARB_shader_draw_parameters GL_ARB_shader_group_vote GL_ARB_shader_image_load_store GL_ARB_shader_image_size GL_ARB_shader_objects GL_ARB_shader_precision GL_ARB_shader_stencil_export GL_ARB_shader_storage_buffer_object GL_ARB_shader_subroutine GL_ARB_shader_texture_image_samples GL_ARB_shader_texture_lod GL_ARB_shader_viewport_layer_array GL_ARB_shading_language_420pack GL_ARB_shading_language_include GL_ARB_shading_language_packing GL_ARB_spirv_extensions GL_ARB_stencil_texturing GL_ARB_sync GL_ARB_tessellation_shader GL_ARB_texture_barrier G
L_ARB_texture_buffer_object GL_ARB_texture_buffer_object_rgb32 GL_ARB_texture_buffer_range GL_ARB_texture_compression_bptc GL_ARB_texture_compression_rgtc GL_ARB_texture_cube_map_array GL_ARB_texture_filter_anisotropic GL_ARB_texture_float GL_ARB_texture_gather GL_ARB_texture_mirror_clamp_to_edge GL_ARB_texture_multisample GL_ARB_texture_non_power_of_two GL_ARB_texture_query_levels GL_ARB_texture_query_lod GL_ARB_texture_rectangle GL_ARB_texture_rg GL_ARB_texture_rgb10_a2ui GL_ARB_texture_stencil8 GL_ARB_texture_storage GL_ARB_texture_storage_multisample GL_ARB_texture_swizzle GL_ARB_texture_view GL_ARB_timer_query GL_ARB_transform_feedback2 GL_ARB_transform_feedback3 GL_ARB_transform_feedback_instanced GL_ARB_transform_feedback_overflow_query GL_ARB_uniform_buffer_object GL_ARB_vertex_array_bgra GL_ARB_vertex_array_object GL_ARB_vertex_attrib_64bit GL_ARB_vertex_attrib_binding GL_ARB_vertex_buffer_object GL_ARB_vertex_shader GL_ARB_vertex_type_10f_11f_11f_rev GL_ARB_vertex_type_2_10_10_10_rev GL_ARB_viewpor
t_array GL_ATI_blend_equation_separate GL_ATI_texture_float GL_EXT_EGL_image_storage GL_EXT_EGL_sync GL_EXT_abgr GL_EXT_blend_equation_separate GL_EXT_demote_to_helper_invocation GL_EXT_draw_buffers2 GL_EXT_draw_instanced GL_EXT_framebuffer_blit GL_EXT_framebuffer_multisample GL_EXT_framebuffer_multisample_blit_scaled GL_EXT_framebuffer_object GL_EXT_framebuffer_sRGB GL_EXT_packed_depth_stencil GL_EXT_packed_float GL_EXT_pixel_buffer_object GL_EXT_polygon_offset_clamp GL_EXT_provoking_vertex GL_EXT_shader_framebuffer_fetch GL_EXT_shader_framebuffer_fetch_non_coherent GL_EXT_shader_integer_mix GL_EXT_shader_samples_identical GL_EXT_texture_array GL_EXT_texture_compression_dxt1 GL_EXT_texture_compression_rgtc GL_EXT_texture_compression_s3tc GL_EXT_texture_filter_anisotropic GL_EXT_texture_integer GL_EXT_texture_sRGB GL_EXT_texture_sRGB_R8 GL_EXT_texture_sRGB_decode GL_EXT_texture_shadow_lod GL_EXT_texture_shared_exponent GL_EXT_texture_snorm GL_EXT_texture_swizzle GL_EXT_timer_query GL_EXT_transform_feedback G
L_EXT_vertex_array_bgra GL_EXT_vertex_attrib_64bit GL_IBM_multimode_draw_arrays GL_INTEL_blackhole_render GL_INTEL_conservative_rasterization GL_INTEL_performance_query GL_INTEL_shader_atomic_float_minmax GL_INTEL_shader_integer_functions2 GL_KHR_blend_equation_advanced GL_KHR_blend_equation_advanced_coherent GL_KHR_context_flush_control GL_KHR_debug GL_KHR_no_error GL_KHR_parallel_shader_compile GL_KHR_robust_buffer_access_behavior GL_KHR_robustness GL_KHR_texture_compression_astc_ldr GL_KHR_texture_compression_astc_sliced_3d GL_MESA_framebuffer_flip_y GL_MESA_pack_invert GL_MESA_shader_integer_functions GL_MESA_texture_signed_rgba GL_NV_compute_shader_derivatives GL_NV_conditional_render GL_NV_copy_image GL_NV_depth_clamp GL_NV_fragment_shader_interlock GL_NV_packed_depth_stencil GL_NV_texture_barrier GL_OES_EGL_image GL_S3_s3tc
OPENGL LOG: Creating OpenGL 4.6 graphics device ; Context level  <OpenGL 4.5> ; Context handle 1093141664
Initialize mono
Mono path[0] = '/home/frederik/Unity/Hub/Editor/2020.3.11f1/Editor/Data/Managed'
Mono path[1] = '/home/frederik/Unity/Hub/Editor/2020.3.11f1/Editor/Data/MonoBleedingEdge/lib/mono/unityjit'
Mono config path = '/home/frederik/Unity/Hub/Editor/2020.3.11f1/Editor/Data/MonoBleedingEdge/etc'
Using monoOptions --debugger-agent=transport=dt_socket,embedding=1,server=y,suspend=n,address=127.0.0.1:56290
Begin MonoManager ReloadAssembly
Registering precompiled unity dll's ...
Register platform support module: /home/frederik/Unity/Hub/Editor/2020.3.11f1/Editor/Data/PlaybackEngines/LinuxStandaloneSupport/UnityEditor.LinuxStandalone.Extensions.dll
Registered in 0,001123 seconds.
Native extension for LinuxStandalone target not found
Refreshing native plugins compatible for Editor in 47,37 ms, found 1 plugins.
Preloading 0 native plugins for Editor in 0,00 ms.
Mono: successfully reloaded assembly
- Completed reload, in  1,247 seconds
Platform modules already initialized, skipping
Registering precompiled user dll's ...
Registered in 0,002415 seconds.
Begin MonoManager ReloadAssembly
Native extension for LinuxStandalone target not found
Refreshing native plugins compatible for Editor in 55,43 ms, found 1 plugins.
Preloading 0 native plugins for Editor in 0,00 ms.
Mono: successfully reloaded assembly
- Completed reload, in  1,313 seconds
Platform modules already initialized, skipping
========================================================================
Worker process is ready to serve import requests
Launched and connected shader compiler UnityShaderCompiler after 0.01 seconds
Refreshing native plugins compatible for Editor in 0,48 ms, found 1 plugins.
Preloading 0 native plugins for Editor in 0,00 ms.
Unloading 2080 Unused Serialized files (Serialized files now loaded: 0)
System memory in use before: 87,1 MB.
System memory in use after: 87,1 MB.

Unloading 33 unused Assets to reduce memory usage. Loaded Objects now: 2513.
Total: 3,572068 ms (FindLiveObjects: 0,266517 ms CreateObjectMapping: 0,101084 ms MarkObjects: 2,919856 ms  DeleteObjects: 0,283623 ms)

========================================================================
Received Import Request.
  path: Packages/com.unity.2d.sprite/Editor/ObjectMenuCreation/DefaultAssets/Textures/HexagonPointed-Top.png
  artifactKey: Guid(eed45a33cd08446c8b88325cf82fc52f) Importer(815301076,1909f56bfc062723c751e8b465ee728b)
Start importing Packages/com.unity.2d.sprite/Editor/ObjectMenuCreation/DefaultAssets/Textures/HexagonPointed-Top.png using Guid(eed45a33cd08446c8b88325cf82fc52f) Importer(815301076,1909f56bfc062723c751e8b465ee728b)  -> (artifact id: '1809652a82d8d22ff10af5a0b0652610') in 0,077885 seconds
  Import took 0,082094 seconds .

========================================================================
Received Import Request.
  Time since last request: 0,000303 seconds.
  path: Packages/com.unity.2d.sprite/Editor/ObjectMenuCreation/DefaultAssets/Textures/HexagonPointed-TopWithBorder.png
  artifactKey: Guid(4b2a04fdbe0ef4d8da8f90eaca817cd1) Importer(815301076,1909f56bfc062723c751e8b465ee728b)
Start importing Packages/com.unity.2d.sprite/Editor/ObjectMenuCreation/DefaultAssets/Textures/HexagonPointed-TopWithBorder.png using Guid(4b2a04fdbe0ef4d8da8f90eaca817cd1) Importer(815301076,1909f56bfc062723c751e8b465ee728b)  -> (artifact id: '50858912bcacf81ddc08543ec3f9aa89') in 0,005563 seconds
  Import took 0,008865 seconds .

========================================================================
Received Import Request.
  Time since last request: 0,000215 seconds.
  path: Packages/com.unity.2d.sprite/Editor/ObjectMenuCreation/DefaultAssets/Textures/HexagonFlat-TopWithBorder.png
  artifactKey: Guid(a9716c16a44a94eed9b5c90fbf4d9bdd) Importer(815301076,1909f56bfc062723c751e8b465ee728b)
Start importing Packages/com.unity.2d.sprite/Editor/ObjectMenuCreation/DefaultAssets/Textures/HexagonFlat-TopWithBorder.png using Guid(a9716c16a44a94eed9b5c90fbf4d9bdd) Importer(815301076,1909f56bfc062723c751e8b465ee728b)  -> (artifact id: '3c1507bf4f496c46ba43d87bf87ee59e') in 0,006477 seconds
  Import took 0,009922 seconds .

========================================================================
Received Import Request.
  Time since last request: 0,000196 seconds.
  path: Packages/com.unity.2d.sprite/Editor/ObjectMenuCreation/DefaultAssets/Textures/Capsule.png
  artifactKey: Guid(bd3cb4af8406d4436a2ae8c2aafe1f8d) Importer(815301076,1909f56bfc062723c751e8b465ee728b)
Start importing Packages/com.unity.2d.sprite/Editor/ObjectMenuCreation/DefaultAssets/Textures/Capsule.png using Guid(bd3cb4af8406d4436a2ae8c2aafe1f8d) Importer(815301076,1909f56bfc062723c751e8b465ee728b)  -> (artifact id: '4720ed190e1a7817bbfc67a079ccfd84') in 0,006726 seconds
  Import took 0,011392 seconds .

========================================================================
Received Import Request.
  Time since last request: 0,000177 seconds.
  path: Packages/com.unity.2d.sprite/Editor/ObjectMenuCreation/DefaultAssets/Textures/HexagonFlat-Top.png
  artifactKey: Guid(16037dbd798344f57a526d53d48f5ead) Importer(815301076,1909f56bfc062723c751e8b465ee728b)
Start importing Packages/com.unity.2d.sprite/Editor/ObjectMenuCreation/DefaultAssets/Textures/HexagonFlat-Top.png using Guid(16037dbd798344f57a526d53d48f5ead) Importer(815301076,1909f56bfc062723c751e8b465ee728b)  -> (artifact id: '02a715b525ddce76caf760635f8aeeea') in 0,005581 seconds
  Import took 0,009250 seconds .

========================================================================
Received Import Request.
  Time since last request: 0,000156 seconds.
  path: Packages/com.unity.2d.sprite/Editor/ObjectMenuCreation/DefaultAssets/Textures/CircleMask.png
  artifactKey: Guid(87aaca0a643d54397ba969dab4fc8875) Importer(815301076,1909f56bfc062723c751e8b465ee728b)
Start importing Packages/com.unity.2d.sprite/Editor/ObjectMenuCreation/DefaultAssets/Textures/CircleMask.png using Guid(87aaca0a643d54397ba969dab4fc8875) Importer(815301076,1909f56bfc062723c751e8b465ee728b)  -> (artifact id: '336ea944f911d78053f811db356c0369') in 0,006138 seconds
  Import took 0,010358 seconds .

========================================================================
Received Import Request.
  Time since last request: 0,000219 seconds.
  path: Packages/com.unity.2d.sprite/Editor/ObjectMenuCreation/DefaultAssets/Textures/9-SlicedWithBorder.png
  artifactKey: Guid(cc35afd292fc349128b36a291fb3a165) Importer(815301076,1909f56bfc062723c751e8b465ee728b)
Start importing Packages/com.unity.2d.sprite/Editor/ObjectMenuCreation/DefaultAssets/Textures/9-SlicedWithBorder.png using Guid(cc35afd292fc349128b36a291fb3a165) Importer(815301076,1909f56bfc062723c751e8b465ee728b)  -> (artifact id: '600f97cdfd3edc6a1685d83d25fc157c') in 0,008343 seconds
  Import took 0,011646 seconds .

========================================================================
Received Import Request.
  Time since last request: 0,000199 seconds.
  path: Packages/com.unity.2d.sprite/Editor/ObjectMenuCreation/DefaultAssets/Textures/9-Sliced.png
  artifactKey: Guid(71ebafeef3c03457483266a33ab2b270) Importer(815301076,1909f56bfc062723c751e8b465ee728b)
Start importing Packages/com.unity.2d.sprite/Editor/ObjectMenuCreation/DefaultAssets/Textures/9-Sliced.png using Guid(71ebafeef3c03457483266a33ab2b270) Importer(815301076,1909f56bfc062723c751e8b465ee728b)  -> (artifact id: '0ea08e4411f98851f91f00718d3ff46f') in 0,005967 seconds
  Import took 0,009507 seconds .

========================================================================
Received Import Request.
  Time since last request: 0,000264 seconds.
  path: Packages/com.unity.2d.sprite/Editor/ObjectMenuCreation/DefaultAssets/Textures/Square.png
  artifactKey: Guid(48e93eef0688c4a259cb0eddcd8661f7) Importer(815301076,1909f56bfc062723c751e8b465ee728b)
Start importing Packages/com.unity.2d.sprite/Editor/ObjectMenuCreation/DefaultAssets/Textures/Square.png using Guid(48e93eef0688c4a259cb0eddcd8661f7) Importer(815301076,1909f56bfc062723c751e8b465ee728b)  -> (artifact id: '67f9d2c87602c9de665cd5edc8b46197') in 0,005992 seconds
  Import took 0,009301 seconds .

========================================================================
Received Import Request.
  Time since last request: 0,000239 seconds.
  path: Packages/com.unity.2d.sprite/Editor/ObjectMenuCreation/DefaultAssets/Textures/Circle.png
  artifactKey: Guid(ebe73ca9363db456bacf42c025bb4847) Importer(815301076,1909f56bfc062723c751e8b465ee728b)
Start importing Packages/com.unity.2d.sprite/Editor/ObjectMenuCreation/DefaultAssets/Textures/Circle.png using Guid(ebe73ca9363db456bacf42c025bb4847) Importer(815301076,1909f56bfc062723c751e8b465ee728b)  -> (artifact id: '7d8c39de7271b5a455345680f1bcb82c') in 0,005672 seconds
  Import took 0,009059 seconds .

========================================================================
Received Import Request.
  Time since last request: 0,000740 seconds.
  path: Packages/com.unity.2d.sprite/Editor/ObjectMenuCreation/DefaultAssets/Textures/CircleWithBorder.png
  artifactKey: Guid(4adeaf2d2b1c7417e89f026626d8264f) Importer(815301076,1909f56bfc062723c751e8b465ee728b)
Start importing Packages/com.unity.2d.sprite/Editor/ObjectMenuCreation/DefaultAssets/Textures/CircleWithBorder.png using Guid(4adeaf2d2b1c7417e89f026626d8264f) Importer(815301076,1909f56bfc062723c751e8b465ee728b)  -> (artifact id: 'd8c5976af4148e7eb69b1e4a48d95fe6') in 0,006086 seconds
  Import took 0,010581 seconds .

========================================================================
Received Import Request.
  Time since last request: 0,000253 seconds.
  path: Packages/com.unity.2d.sprite/Editor/ObjectMenuCreation/DefaultAssets/Textures/SquareWithBorder.png
  artifactKey: Guid(db750325989564987a34393247d883b4) Importer(815301076,1909f56bfc062723c751e8b465ee728b)
Start importing Packages/com.unity.2d.sprite/Editor/ObjectMenuCreation/DefaultAssets/Textures/SquareWithBorder.png using Guid(db750325989564987a34393247d883b4) Importer(815301076,1909f56bfc062723c751e8b465ee728b)  -> (artifact id: 'f6609b4886f6a7b5e886870c4517a228') in 0,007716 seconds
  Import took 0,011973 seconds .

========================================================================
Received Import Request.
  Time since last request: 0,000215 seconds.
  path: Packages/com.unity.2d.sprite/Editor/ObjectMenuCreation/DefaultAssets/Textures/IsometricDiamond.png
  artifactKey: Guid(045b15ec09bba42448d89db77fa6f20a) Importer(815301076,1909f56bfc062723c751e8b465ee728b)
Start importing Packages/com.unity.2d.sprite/Editor/ObjectMenuCreation/DefaultAssets/Textures/IsometricDiamond.png using Guid(045b15ec09bba42448d89db77fa6f20a) Importer(815301076,1909f56bfc062723c751e8b465ee728b)  -> (artifact id: '219c897d45680a2c55bb4df6d0d2fb5f') in 0,004839 seconds
  Import took 0,008276 seconds .

========================================================================
Received Import Request.
  Time since last request: 0,000249 seconds.
  path: Packages/com.unity.2d.sprite/Editor/ObjectMenuCreation/DefaultAssets/Textures/CapsuleWithBorder.png
  artifactKey: Guid(34587324d412940a79d530020c957dc0) Importer(815301076,1909f56bfc062723c751e8b465ee728b)
Start importing Packages/com.unity.2d.sprite/Editor/ObjectMenuCreation/DefaultAssets/Textures/CapsuleWithBorder.png using Guid(34587324d412940a79d530020c957dc0) Importer(815301076,1909f56bfc062723c751e8b465ee728b)  -> (artifact id: '08ad02565640520517df1e4abf7b01ce') in 0,005470 seconds
  Import took 0,009548 seconds .

========================================================================
Received Import Request.
  Time since last request: 0,000250 seconds.
  path: Packages/com.unity.2d.sprite/Editor/ObjectMenuCreation/DefaultAssets/Textures/IsometricDiamondWithBorder.png
  artifactKey: Guid(0d267bc78a0864eb48358689b29ed20a) Importer(815301076,1909f56bfc062723c751e8b465ee728b)
Start importing Packages/com.unity.2d.sprite/Editor/ObjectMenuCreation/DefaultAssets/Textures/IsometricDiamondWithBorder.png using Guid(0d267bc78a0864eb48358689b29ed20a) Importer(815301076,1909f56bfc062723c751e8b465ee728b)  -> (artifact id: '7d4d89f411a6aa10865620de9ba94abd') in 0,006895 seconds
  Import took 0,010152 seconds .

========================================================================
Received Import Request.
  Time since last request: 0,000240 seconds.
  path: Packages/com.unity.2d.sprite/Editor/ObjectMenuCreation/DefaultAssets/Textures/IsometricDiamond.png
  artifactKey: Guid(045b15ec09bba42448d89db77fa6f20a) Importer(815301076,1909f56bfc062723c751e8b465ee728b)
Start importing Packages/com.unity.2d.sprite/Editor/ObjectMenuCreation/DefaultAssets/Textures/IsometricDiamond.png using Guid(045b15ec09bba42448d89db77fa6f20a) Importer(815301076,1909f56bfc062723c751e8b465ee728b)  -> (artifact id: '219c897d45680a2c55bb4df6d0d2fb5f') in 0,004406 seconds
  Import took 0,007469 seconds .

========================================================================
Received Import Request.
  Time since last request: 0,016078 seconds.
  path: Packages/com.unity.2d.sprite/Editor/ObjectMenuCreation/DefaultAssets/Textures/IsometricDiamondWithBorder.png
  artifactKey: Guid(0d267bc78a0864eb48358689b29ed20a) Importer(815301076,1909f56bfc062723c751e8b465ee728b)
Start importing Packages/com.unity.2d.sprite/Editor/ObjectMenuCreation/DefaultAssets/Textures/IsometricDiamondWithBorder.png using Guid(0d267bc78a0864eb48358689b29ed20a) Importer(815301076,1909f56bfc062723c751e8b465ee728b)  -> (artifact id: '7d4d89f411a6aa10865620de9ba94abd') in 0,005234 seconds
  Import took 0,009734 seconds .

========================================================================
Received Import Request.
  Time since last request: 11,053833 seconds.
  path: Packages/com.unity.2d.animation/Editor/Assets/SkinningModule/Icons/Light/Bone.png
  artifactKey: Guid(62ce01ddca719d34ea9648c586a7cc94) Importer(815301076,1909f56bfc062723c751e8b465ee728b)
Start importing Packages/com.unity.2d.animation/Editor/Assets/SkinningModule/Icons/Light/Bone.png using Guid(62ce01ddca719d34ea9648c586a7cc94) Importer(815301076,1909f56bfc062723c751e8b465ee728b)  -> (artifact id: 'fcb23684d1ec62a50c053c64e07b646f') in 0,009698 seconds
  Import took 0,013059 seconds .

========================================================================
Received Import Request.
  Time since last request: 0,000258 seconds.
  path: Packages/com.unity.2d.animation/Editor/Assets/SkinningModule/Icons/Light/Bone_Influence@2x.png
  artifactKey: Guid(7395bf0bc3cc40e4ab2dda5ec6832261) Importer(815301076,1909f56bfc062723c751e8b465ee728b)
Start importing Packages/com.unity.2d.animation/Editor/Assets/SkinningModule/Icons/Light/Bone_Influence@2x.png using Guid(7395bf0bc3cc40e4ab2dda5ec6832261) Importer(815301076,1909f56bfc062723c751e8b465ee728b)  -> (artifact id: 'ce74f946096cd0c4f4a7f2b8e69c6e66') in 0,005338 seconds
  Import took 0,008636 seconds .

========================================================================
Received Import Request.
  Time since last request: 0,000225 seconds.
  path: Packages/com.unity.2d.animation/Editor/Assets/SkinningModule/Icons/Selected/Bone_Influence@4x.png
  artifactKey: Guid(daf2ab606d4db0d4f9ecf4c02137d2a8) Importer(815301076,1909f56bfc062723c751e8b465ee728b)
Start importing Packages/com.unity.2d.animation/Editor/Assets/SkinningModule/Icons/Selected/Bone_Influence@4x.png using Guid(daf2ab606d4db0d4f9ecf4c02137d2a8) Importer(815301076,1909f56bfc062723c751e8b465ee728b)  -> (artifact id: '269c286c15f89522a9c6aa245ea4de7d') in 0,005334 seconds
  Import took 0,008585 seconds .

========================================================================
Received Import Request.
  Time since last request: 0,000180 seconds.
  path: Packages/com.unity.2d.animation/Editor/Assets/SkinningModule/Icons/Light/Bone@3x.png
  artifactKey: Guid(76beef9fdae7b48468ddf07d0400a374) Importer(815301076,1909f56bfc062723c751e8b465ee728b)
Start importing Packages/com.unity.2d.animation/Editor/Assets/SkinningModule/Icons/Light/Bone@3x.png using Guid(76beef9fdae7b48468ddf07d0400a374) Importer(815301076,1909f56bfc062723c751e8b465ee728b)  -> (artifact id: 'c07d68126c6e632f5a4acceb6b935c68') in 0,005202 seconds
  Import took 0,008951 seconds .

========================================================================
Received Import Request.
  Time since last request: 0,000256 seconds.
  path: Packages/com.unity.2d.animation/Editor/Assets/SkinningModule/Icons/Selected/Bone_Influence@2x.png
  artifactKey: Guid(0779ad3feec52124e97114bcbb12ef13) Importer(815301076,1909f56bfc062723c751e8b465ee728b)
Start importing Packages/com.unity.2d.animation/Editor/Assets/SkinningModule/Icons/Selected/Bone_Influence@2x.png using Guid(0779ad3feec52124e97114bcbb12ef13) Importer(815301076,1909f56bfc062723c751e8b465ee728b)  -> (artifact id: '57fb578c07296edd47003f614ba57490') in 0,004743 seconds
  Import took 0,009408 seconds .

========================================================================
Received Import Request.
  Time since last request: 0,000249 seconds.
  path: Packages/com.unity.2d.animation/Editor/Assets/SkinningModule/Icons/Selected/Bone_Influence.png
  artifactKey: Guid(ff00345da0563d641903c5bd5bb748a4) Importer(815301076,1909f56bfc062723c751e8b465ee728b)
Start importing Packages/com.unity.2d.animation/Editor/Assets/SkinningModule/Icons/Selected/Bone_Influence.png using Guid(ff00345da0563d641903c5bd5bb748a4) Importer(815301076,1909f56bfc062723c751e8b465ee728b)  -> (artifact id: 'e045a106f2b3682dee2d26429113156c') in 0,004222 seconds
  Import took 0,007712 seconds .

========================================================================
Received Import Request.
  Time since last request: 0,000138 seconds.
  path: Packages/com.unity.collab-proxy/Editor/PlasticSCM/Assets/Images/buttonssosigninunity.png
  artifactKey: Guid(f9161c6c9e06dc445ada3ee16d991f90) Importer(815301076,1909f56bfc062723c751e8b465ee728b)
Start importing Packages/com.unity.collab-proxy/Editor/PlasticSCM/Assets/Images/buttonssosigninunity.png using Guid(f9161c6c9e06dc445ada3ee16d991f90) Importer(815301076,1909f56bfc062723c751e8b465ee728b)  -> (artifact id: 'b4f41554b91e84c181188a6883574e36') in 0,004826 seconds
  Import took 0,008774 seconds .

========================================================================
Received Import Request.
  Time since last request: 0,000259 seconds.
  path: Packages/com.unity.2d.animation/Editor/Assets/SkinningModule/Icons/Selected/Bone_Influence@3x.png
  artifactKey: Guid(68e5a78013e33f247822a837e55b0ab4) Importer(815301076,1909f56bfc062723c751e8b465ee728b)
Start importing Packages/com.unity.2d.animation/Editor/Assets/SkinningModule/Icons/Selected/Bone_Influence@3x.png using Guid(68e5a78013e33f247822a837e55b0ab4) Importer(815301076,1909f56bfc062723c751e8b465ee728b)  -> (artifact id: '512edadc302ee80891be8763373db4a5') in 0,004567 seconds
  Import took 0,007662 seconds .

========================================================================
Received Import Request.
  Time since last request: 0,000229 seconds.
  path: Packages/com.unity.2d.animation/Editor/Assets/SkinningModule/Icons/Light/Bone_Influence@3x.png
  artifactKey: Guid(cee9dbe90b270c944ae1dabf41c93b10) Importer(815301076,1909f56bfc062723c751e8b465ee728b)
Start importing Packages/com.unity.2d.animation/Editor/Assets/SkinningModule/Icons/Light/Bone_Influence@3x.png using Guid(cee9dbe90b270c944ae1dabf41c93b10) Importer(815301076,1909f56bfc062723c751e8b465ee728b)  -> (artifact id: 'a1b942cb9a212b55c813d053008ec2a5') in 0,005523 seconds
  Import took 0,008683 seconds .

========================================================================
Received Import Request.
  Time since last request: 0,000270 seconds.
  path: Packages/com.unity.2d.animation/Editor/Assets/SkinningModule/Icons/Light/Bone.png
  artifactKey: Guid(62ce01ddca719d34ea9648c586a7cc94) Importer(815301076,1909f56bfc062723c751e8b465ee728b)
Start importing Packages/com.unity.2d.animation/Editor/Assets/SkinningModule/Icons/Light/Bone.png using Guid(62ce01ddca719d34ea9648c586a7cc94) Importer(815301076,1909f56bfc062723c751e8b465ee728b)  -> (artifact id: 'fcb23684d1ec62a50c053c64e07b646f') in 0,005394 seconds
  Import took 0,008967 seconds .

========================================================================
Received Import Request.
  Time since last request: 0,000260 seconds.
  path: Packages/com.unity.2d.animation/Editor/Assets/SkinningModule/Icons/Light/Bone_Influence.png
  artifactKey: Guid(e92fc44f12c21dd44a49e390f39f7ffd) Importer(815301076,1909f56bfc062723c751e8b465ee728b)
Start importing Packages/com.unity.2d.animation/Editor/Assets/SkinningModule/Icons/Light/Bone_Influence.png using Guid(e92fc44f12c21dd44a49e390f39f7ffd) Importer(815301076,1909f56bfc062723c751e8b465ee728b)  -> (artifact id: '4c85fcd46f0d606ec51a00436b2008ee') in 0,005433 seconds
  Import took 0,009205 seconds .

========================================================================
Received Import Request.
  Time since last request: 0,000212 seconds.
  path: Packages/com.unity.2d.animation/Editor/Assets/SkinningModule/Icons/Light/Bone@4x.png
  artifactKey: Guid(9125c204f566db048a92ebcb64d9d14a) Importer(815301076,1909f56bfc062723c751e8b465ee728b)
Start importing Packages/com.unity.2d.animation/Editor/Assets/SkinningModule/Icons/Light/Bone@4x.png using Guid(9125c204f566db048a92ebcb64d9d14a) Importer(815301076,1909f56bfc062723c751e8b465ee728b)  -> (artifact id: 'f66700707a135573cf92fb0fc97e57a1') in 0,004594 seconds
  Import took 0,007768 seconds .

========================================================================
Received Import Request.
  Time since last request: 0,000319 seconds.
  path: Packages/com.unity.collab-proxy/Editor/PlasticSCM/Assets/Images/buttonssosigninemail.png
  artifactKey: Guid(d24e7e0b75e1a244bb9687d6fd4315ef) Importer(815301076,1909f56bfc062723c751e8b465ee728b)
Start importing Packages/com.unity.collab-proxy/Editor/PlasticSCM/Assets/Images/buttonssosigninemail.png using Guid(d24e7e0b75e1a244bb9687d6fd4315ef) Importer(815301076,1909f56bfc062723c751e8b465ee728b)  -> (artifact id: '889ad7634f924403c4864589f7824048') in 0,005292 seconds
  Import took 0,009077 seconds .

========================================================================
Received Import Request.
  Time since last request: 0,000282 seconds.
  path: Packages/com.unity.2d.animation/Editor/Assets/SkinningModule/Icons/Light/Bone_Influence@4x.png
  artifactKey: Guid(c7aa62ae78ffca0498c89e5f45f94c0e) Importer(815301076,1909f56bfc062723c751e8b465ee728b)
Start importing Packages/com.unity.2d.animation/Editor/Assets/SkinningModule/Icons/Light/Bone_Influence@4x.png using Guid(c7aa62ae78ffca0498c89e5f45f94c0e) Importer(815301076,1909f56bfc062723c751e8b465ee728b)  -> (artifact id: '974dbaa4ccdc80d082da91b016a1d18c') in 0,004907 seconds
  Import took 0,008180 seconds .

========================================================================
Received Import Request.
  Time since last request: 0,000263 seconds.
  path: Packages/com.unity.collab-proxy/Editor/PlasticSCM/Assets/Images/buttonssosigninemail@2x.png
  artifactKey: Guid(ddf2e76e8a1f88f46ae1e42277850b48) Importer(815301076,1909f56bfc062723c751e8b465ee728b)
Start importing Packages/com.unity.collab-proxy/Editor/PlasticSCM/Assets/Images/buttonssosigninemail@2x.png using Guid(ddf2e76e8a1f88f46ae1e42277850b48) Importer(815301076,1909f56bfc062723c751e8b465ee728b)  -> (artifact id: 'df64a5210216a823e6203c753c41ccb8') in 0,005263 seconds
  Import took 0,008468 seconds .

========================================================================
Received Import Request.
  Time since last request: 0,000287 seconds.
  path: Packages/com.unity.2d.animation/Editor/Assets/SkinningModule/Icons/Light/Bone@2x.png
  artifactKey: Guid(d6a44ab95b0def041a7929981a2c23a1) Importer(815301076,1909f56bfc062723c751e8b465ee728b)
Start importing Packages/com.unity.2d.animation/Editor/Assets/SkinningModule/Icons/Light/Bone@2x.png using Guid(d6a44ab95b0def041a7929981a2c23a1) Importer(815301076,1909f56bfc062723c751e8b465ee728b)  -> (artifact id: '7ba1d8daed21f5bf8cf2886461e33539') in 0,004803 seconds
  Import took 0,008596 seconds .

========================================================================
Received Import Request.
  Time since last request: 0,000268 seconds.
  path: Packages/com.unity.collab-proxy/Editor/PlasticSCM/Assets/Images/buttonssosigningoogle.png
  artifactKey: Guid(f09eae8c0ea04254b90c5386a034a225) Importer(815301076,1909f56bfc062723c751e8b465ee728b)
Start importing Packages/com.unity.collab-proxy/Editor/PlasticSCM/Assets/Images/buttonssosigningoogle.png using Guid(f09eae8c0ea04254b90c5386a034a225) Importer(815301076,1909f56bfc062723c751e8b465ee728b)  -> (artifact id: '64a936cadba46955e1f3455c91cd4d64') in 0,004786 seconds
  Import took 0,008680 seconds .

========================================================================
Received Import Request.
  Time since last request: 6,405228 seconds.
  path: Packages/com.unity.2d.animation/Editor/Assets/SkinningModule/Icons/Light/character_Mode.png
  artifactKey: Guid(d4d64a6cd9624c34a815dd79fb2a20a4) Importer(815301076,1909f56bfc062723c751e8b465ee728b)
Start importing Packages/com.unity.2d.animation/Editor/Assets/SkinningModule/Icons/Light/character_Mode.png using Guid(d4d64a6cd9624c34a815dd79fb2a20a4) Importer(815301076,1909f56bfc062723c751e8b465ee728b)  -> (artifact id: 'b5ee3ee2502e20a93ce2d3c62772096f') in 0,007536 seconds
  Import took 0,012823 seconds .

========================================================================
Received Import Request.
  Time since last request: 0,204311 seconds.
  path: Packages/com.unity.2d.animation/Editor/Assets/SkinningModule/Icons/Selected/character_Mode.png
  artifactKey: Guid(e60718119cec31e4190849292fcde068) Importer(815301076,1909f56bfc062723c751e8b465ee728b)
Start importing Packages/com.unity.2d.animation/Editor/Assets/SkinningModule/Icons/Selected/character_Mode.png using Guid(e60718119cec31e4190849292fcde068) Importer(815301076,1909f56bfc062723c751e8b465ee728b)  -> (artifact id: '26dfa14428d88831d6cb36d5e7c07a21') in 0,007147 seconds
  Import took 0,013597 seconds .

========================================================================
Received Import Request.
  Time since last request: 0,000310 seconds.
  path: Packages/com.unity.2d.animation/Editor/Assets/SkinningModule/Icons/Selected/character_Mode@2x.png
  artifactKey: Guid(5d52b20f865aff242bfcb08c3b6f61a5) Importer(815301076,1909f56bfc062723c751e8b465ee728b)
Start importing Packages/com.unity.2d.animation/Editor/Assets/SkinningModule/Icons/Selected/character_Mode@2x.png using Guid(5d52b20f865aff242bfcb08c3b6f61a5) Importer(815301076,1909f56bfc062723c751e8b465ee728b)  -> (artifact id: 'cc17a0a827e88d93db0dbe8e86bf98ad') in 0,006020 seconds
  Import took 0,010602 seconds .

========================================================================
Received Import Request.
  Time since last request: 0,000271 seconds.
  path: Packages/com.unity.2d.animation/Editor/Assets/SkinningModule/Icons/Light/character_Mode@2x.png
  artifactKey: Guid(25096ce515c063c48a2bd6b108c95912) Importer(815301076,1909f56bfc062723c751e8b465ee728b)
Start importing Packages/com.unity.2d.animation/Editor/Assets/SkinningModule/Icons/Light/character_Mode@2x.png using Guid(25096ce515c063c48a2bd6b108c95912) Importer(815301076,1909f56bfc062723c751e8b465ee728b)  -> (artifact id: '7c18aaefa5a5908cc47c724afc509aff') in 0,005182 seconds
  Import took 0,009353 seconds .

========================================================================
Received Import Request.
  Time since last request: 1,509709 seconds.
  path: Packages/com.unity.2d.animation/Editor/Assets/SkinningModule/Icons/Light/character_Mode@3x.png
  artifactKey: Guid(17fa84703485d314b8d6b5216987d4b1) Importer(815301076,1909f56bfc062723c751e8b465ee728b)
Start importing Packages/com.unity.2d.animation/Editor/Assets/SkinningModule/Icons/Light/character_Mode@3x.png using Guid(17fa84703485d314b8d6b5216987d4b1) Importer(815301076,1909f56bfc062723c751e8b465ee728b)  -> (artifact id: '575ce560247867df5acda420ec52e7dc') in 0,009260 seconds
  Import took 0,012691 seconds .

========================================================================
Received Import Request.
  Time since last request: 0,000301 seconds.
  path: Packages/com.unity.2d.animation/Editor/Assets/SkinningModule/Icons/Selected/character_Mode@3x.png
  artifactKey: Guid(dcea51d6065d64246aeec467afeff684) Importer(815301076,1909f56bfc062723c751e8b465ee728b)
Start importing Packages/com.unity.2d.animation/Editor/Assets/SkinningModule/Icons/Selected/character_Mode@3x.png using Guid(dcea51d6065d64246aeec467afeff684) Importer(815301076,1909f56bfc062723c751e8b465ee728b)  -> (artifact id: '24023654949800a56769174570832449') in 0,004181 seconds
  Import took 0,007425 seconds .

========================================================================
Received Import Request.
  Time since last request: 0,000229 seconds.
  path: Packages/com.unity.2d.animation/Editor/Assets/SkinningModule/Icons/Light/character_Mode@4x.png
  artifactKey: Guid(748ae8b33df036b46a86e0387f1602cf) Importer(815301076,1909f56bfc062723c751e8b465ee728b)
Start importing Packages/com.unity.2d.animation/Editor/Assets/SkinningModule/Icons/Light/character_Mode@4x.png using Guid(748ae8b33df036b46a86e0387f1602cf) Importer(815301076,1909f56bfc062723c751e8b465ee728b)  -> (artifact id: '0a863e71814c92d28f4f349ee289a571') in 0,004676 seconds
  Import took 0,008182 seconds .

========================================================================
Received Import Request.
  Time since last request: 0,617619 seconds.
  path: Packages/com.unity.2d.animation/Editor/Assets/SkinningModule/Icons/Selected/character_Mode@4x.png
  artifactKey: Guid(0ccc508108fa6ed4fa11b4a467d7f609) Importer(815301076,1909f56bfc062723c751e8b465ee728b)
Start importing Packages/com.unity.2d.animation/Editor/Assets/SkinningModule/Icons/Selected/character_Mode@4x.png using Guid(0ccc508108fa6ed4fa11b4a467d7f609) Importer(815301076,1909f56bfc062723c751e8b465ee728b)  -> (artifact id: 'fdca9b492ba6b43b72eac4f8a2cdae6a') in 0,009639 seconds
  Import took 0,015356 seconds .

========================================================================
Received Import Request.
  Time since last request: 0,059998 seconds.
  path: Packages/com.unity.2d.animation/Editor/Assets/SkinningModule/Icons/Light/Copy.png
  artifactKey: Guid(42f4b048501996743958df91513f824a) Importer(815301076,1909f56bfc062723c751e8b465ee728b)
Start importing Packages/com.unity.2d.animation/Editor/Assets/SkinningModule/Icons/Light/Copy.png using Guid(42f4b048501996743958df91513f824a) Importer(815301076,1909f56bfc062723c751e8b465ee728b)  -> (artifact id: 'd87685a348d1f3aed25d517ac1b3fac2') in 0,004463 seconds
  Import took 0,008836 seconds .

========================================================================
Received Import Request.
  Time since last request: 0,000289 seconds.
  path: Packages/com.unity.2d.animation/Editor/Assets/SkinningModule/Icons/Selected/Copy.png
  artifactKey: Guid(678095381d851334fb550c5032ba1a81) Importer(815301076,1909f56bfc062723c751e8b465ee728b)
Start importing Packages/com.unity.2d.animation/Editor/Assets/SkinningModule/Icons/Selected/Copy.png using Guid(678095381d851334fb550c5032ba1a81) Importer(815301076,1909f56bfc062723c751e8b465ee728b)  -> (artifact id: '40305f907aa213a24a66a40ddb361a8b') in 0,004005 seconds
  Import took 0,007394 seconds .

========================================================================
Received Import Request.
  Time since last request: 0,000246 seconds.
  path: Packages/com.unity.2d.animation/Editor/Assets/SkinningModule/Icons/Light/Copy.png
  artifactKey: Guid(42f4b048501996743958df91513f824a) Importer(815301076,1909f56bfc062723c751e8b465ee728b)
Start importing Packages/com.unity.2d.animation/Editor/Assets/SkinningModule/Icons/Light/Copy.png using Guid(42f4b048501996743958df91513f824a) Importer(815301076,1909f56bfc062723c751e8b465ee728b)  -> (artifact id: 'd87685a348d1f3aed25d517ac1b3fac2') in 0,004206 seconds
  Import took 0,007317 seconds .

========================================================================
Received Import Request.
  Time since last request: 0,030889 seconds.
  path: Packages/com.unity.2d.animation/Editor/Assets/SkinningModule/Icons/Selected/Copy.png
  artifactKey: Guid(678095381d851334fb550c5032ba1a81) Importer(815301076,1909f56bfc062723c751e8b465ee728b)
Start importing Packages/com.unity.2d.animation/Editor/Assets/SkinningModule/Icons/Selected/Copy.png using Guid(678095381d851334fb550c5032ba1a81) Importer(815301076,1909f56bfc062723c751e8b465ee728b)  -> (artifact id: '40305f907aa213a24a66a40ddb361a8b') in 0,005113 seconds
  Import took 0,008757 seconds .

========================================================================
Received Import Request.
  Time since last request: 0,547049 seconds.
  path: Packages/com.unity.2d.animation/Editor/Assets/SkinningModule/Icons/Selected/Copy@2x.png
  artifactKey: Guid(6cc5103edc9f0dd4f80e8274c73dfeac) Importer(815301076,1909f56bfc062723c751e8b465ee728b)
Start importing Packages/com.unity.2d.animation/Editor/Assets/SkinningModule/Icons/Selected/Copy@2x.png using Guid(6cc5103edc9f0dd4f80e8274c73dfeac) Importer(815301076,1909f56bfc062723c751e8b465ee728b)  -> (artifact id: 'ac56d963ed343ccb7534bcfbaede8997') in 0,006171 seconds
  Import took 0,009928 seconds .

========================================================================
Received Import Request.
  Time since last request: 0,000243 seconds.
  path: Packages/com.unity.2d.animation/Editor/Assets/SkinningModule/Icons/Selected/Copy@3x.png
  artifactKey: Guid(bb51334c6930f864abac38001f7bdf6e) Importer(815301076,1909f56bfc062723c751e8b465ee728b)
Start importing Packages/com.unity.2d.animation/Editor/Assets/SkinningModule/Icons/Selected/Copy@3x.png using Guid(bb51334c6930f864abac38001f7bdf6e) Importer(815301076,1909f56bfc062723c751e8b465ee728b)  -> (artifact id: '1f3f7ca3fe796bda98a1210f36a45488') in 0,004751 seconds
  Import took 0,008076 seconds .

========================================================================
Received Import Request.
  Time since last request: 0,000265 seconds.
  path: Packages/com.unity.2d.animation/Editor/Assets/SkinningModule/Icons/Light/Copy@2x.png
  artifactKey: Guid(2e0cf451cb3d56742aad87ea75993209) Importer(815301076,1909f56bfc062723c751e8b465ee728b)
Start importing Packages/com.unity.2d.animation/Editor/Assets/SkinningModule/Icons/Light/Copy@2x.png using Guid(2e0cf451cb3d56742aad87ea75993209) Importer(815301076,1909f56bfc062723c751e8b465ee728b)  -> (artifact id: '99dddcc9819c0945714cecf150be50e9') in 0,004049 seconds
  Import took 0,007075 seconds .

========================================================================
Received Import Request.
  Time since last request: 0,083722 seconds.
  path: Packages/com.unity.2d.animation/Editor/Assets/SkinningModule/Icons/Light/Copy@3x.png
  artifactKey: Guid(55ad4b6109677be42b239f450ce98c29) Importer(815301076,1909f56bfc062723c751e8b465ee728b)
Start importing Packages/com.unity.2d.animation/Editor/Assets/SkinningModule/Icons/Light/Copy@3x.png using Guid(55ad4b6109677be42b239f450ce98c29) Importer(815301076,1909f56bfc062723c751e8b465ee728b)  -> (artifact id: '155814b9bf61323a66ec3b8b2463252a') in 0,004172 seconds
  Import took 0,008774 seconds .

========================================================================
Received Import Request.
  Time since last request: 0,000196 seconds.
  path: Packages/com.unity.2d.animation/Editor/Assets/SkinningModule/Icons/Light/Copy@4x.png
  artifactKey: Guid(5430b5412bcac5b4986be0a875a5e978) Importer(815301076,1909f56bfc062723c751e8b465ee728b)
Start importing Packages/com.unity.2d.animation/Editor/Assets/SkinningModule/Icons/Light/Copy@4x.png using Guid(5430b5412bcac5b4986be0a875a5e978) Importer(815301076,1909f56bfc062723c751e8b465ee728b)  -> (artifact id: '96f63b718eb47c43448e309a298081b2') in 0,004641 seconds
  Import took 0,007598 seconds .

========================================================================
Received Import Request.
  Time since last request: 0,000218 seconds.
  path: Packages/com.unity.2d.animation/Editor/Assets/SkinningModule/Icons/Selected/Copy@4x.png
  artifactKey: Guid(b6a96c7c65795c94abf54a62adbf5c38) Importer(815301076,1909f56bfc062723c751e8b465ee728b)
Start importing Packages/com.unity.2d.animation/Editor/Assets/SkinningModule/Icons/Selected/Copy@4x.png using Guid(b6a96c7c65795c94abf54a62adbf5c38) Importer(815301076,1909f56bfc062723c751e8b465ee728b)  -> (artifact id: '154ddf6f372e3eec71bc967c8f8e0f1a') in 0,005599 seconds
  Import took 0,008785 seconds .

========================================================================
Received Import Request.
  Time since last request: 574,951918 seconds.
  path: Assets
  artifactKey: Guid(00000000000000001000000000000000) Importer(815301076,1909f56bfc062723c751e8b465ee728b)
Start importing Assets using Guid(00000000000000001000000000000000) Importer(815301076,1909f56bfc062723c751e8b465ee728b)  -> (artifact id: '42d402b061de3733987d63b9cc3b64de') in 0,000825 seconds
  Import took 0,004984 seconds .

========================================================================
Received Import Request.
  Time since last request: 4,121899 seconds.
  path: Assets/Bird
  artifactKey: Guid(e7bcab753b6d191dd882232c956f1377) Importer(815301076,1909f56bfc062723c751e8b465ee728b)
Start importing Assets/Bird using Guid(e7bcab753b6d191dd882232c956f1377) Importer(815301076,1909f56bfc062723c751e8b465ee728b)  -> (artifact id: '3c39cac0ca2ea976c9c441d007dd9785') in 0,000927 seconds
  Import took 0,004025 seconds .

========================================================================
Received Import Request.
  Time since last request: 6,149061 seconds.
  path: Assets/Bird/frame-1.png
  artifactKey: Guid(221f4a37ea796007996ba713e8a53182) Importer(815301076,1909f56bfc062723c751e8b465ee728b)
Start importing Assets/Bird/frame-1.png using Guid(221f4a37ea796007996ba713e8a53182) Importer(815301076,1909f56bfc062723c751e8b465ee728b)  -> (artifact id: 'd95c367d51ce203a274e8225d65446cf') in 0,012670 seconds
  Import took 0,016139 seconds .

========================================================================
Received Import Request.
  Time since last request: 0,000226 seconds.
  path: Assets/Bird/frame-6.png
  artifactKey: Guid(ced84c5e27640acbe9a268cf130a4825) Importer(815301076,1909f56bfc062723c751e8b465ee728b)
Start importing Assets/Bird/frame-6.png using Guid(ced84c5e27640acbe9a268cf130a4825) Importer(815301076,1909f56bfc062723c751e8b465ee728b)  -> (artifact id: 'fc017fc71f68cb4905d0579b43ddaa32') in 0,011387 seconds
  Import took 0,014470 seconds .

========================================================================
Received Import Request.
  Time since last request: 0,000152 seconds.
  path: Assets/Bird/frame-2.png
  artifactKey: Guid(f439a6c7b80c5983eb37bbcddc58ece6) Importer(815301076,1909f56bfc062723c751e8b465ee728b)
Start importing Assets/Bird/frame-2.png using Guid(f439a6c7b80c5983eb37bbcddc58ece6) Importer(815301076,1909f56bfc062723c751e8b465ee728b)  -> (artifact id: 'a1c70d085202dc5578add632c1ad48d6') in 0,007025 seconds
  Import took 0,013806 seconds .

========================================================================
Received Import Request.
  Time since last request: 0,000250 seconds.
  path: Assets/Bird/frame-4.png
  artifactKey: Guid(2c9b1bf3fc6af6363af33652fedc1e9a) Importer(815301076,1909f56bfc062723c751e8b465ee728b)
Start importing Assets/Bird/frame-4.png using Guid(2c9b1bf3fc6af6363af33652fedc1e9a) Importer(815301076,1909f56bfc062723c751e8b465ee728b)  -> (artifact id: '2845e5c24ef33dd620e608cad7e48179') in 0,007527 seconds
  Import took 0,014627 seconds .

========================================================================
Received Import Request.
  Time since last request: 0,000269 seconds.
  path: Assets/Bird/frame-5.png
  artifactKey: Guid(8be0c2b1cca8b6505a53fc9364906ee9) Importer(815301076,1909f56bfc062723c751e8b465ee728b)
Start importing Assets/Bird/frame-5.png using Guid(8be0c2b1cca8b6505a53fc9364906ee9) Importer(815301076,1909f56bfc062723c751e8b465ee728b)  -> (artifact id: '6beaf72905d359a1d0bc97f4b9706b6d') in 0,007538 seconds
  Import took 0,011390 seconds .

========================================================================
Received Import Request.
  Time since last request: 0,000236 seconds.
  path: Assets/Bird/frame-3.png
  artifactKey: Guid(0b3961641629110de9f2237d8d838cdc) Importer(815301076,1909f56bfc062723c751e8b465ee728b)
Start importing Assets/Bird/frame-3.png using Guid(0b3961641629110de9f2237d8d838cdc) Importer(815301076,1909f56bfc062723c751e8b465ee728b)  -> (artifact id: '8b75f82fba9029de76b872a48ac8a1b5') in 0,010143 seconds
  Import took 0,016724 seconds .

========================================================================
Received Import Request.
  Time since last request: 0,000214 seconds.
  path: Assets/Bird/frame-7.png
  artifactKey: Guid(06ceee399bbb3cd2584bed0e7050c279) Importer(815301076,1909f56bfc062723c751e8b465ee728b)
Start importing Assets/Bird/frame-7.png using Guid(06ceee399bbb3cd2584bed0e7050c279) Importer(815301076,1909f56bfc062723c751e8b465ee728b)  -> (artifact id: '9f986f3d6d82847d32c7d2cbcb3e80b8') in 0,007912 seconds
  Import took 0,014208 seconds .

========================================================================
Received Import Request.
  Time since last request: 0,000183 seconds.
  path: Assets/Bird/frame-8.png
  artifactKey: Guid(e6675437cc51b6348bff00652ccc3f1a) Importer(815301076,1909f56bfc062723c751e8b465ee728b)
Start importing Assets/Bird/frame-8.png using Guid(e6675437cc51b6348bff00652ccc3f1a) Importer(815301076,1909f56bfc062723c751e8b465ee728b)  -> (artifact id: 'fa1da62cf09e893199ff8dc9aed506ca') in 0,009981 seconds
  Import took 0,013994 seconds .

========================================================================
Received Import Request.
  Time since last request: 0,015674 seconds.
  path: Assets/Bird/frame-8.png
  artifactKey: Guid(e6675437cc51b6348bff00652ccc3f1a) Importer(815301076,1909f56bfc062723c751e8b465ee728b)
Start importing Assets/Bird/frame-8.png using Guid(e6675437cc51b6348bff00652ccc3f1a) Importer(815301076,1909f56bfc062723c751e8b465ee728b)  -> (artifact id: 'fa1da62cf09e893199ff8dc9aed506ca') in 0,010850 seconds
  Import took 0,015237 seconds .

========================================================================
Received Prepare
Registering precompiled user dll's ...
Registered in 0,002363 seconds.
Begin MonoManager ReloadAssembly
Native extension for LinuxStandalone target not found
Refreshing native plugins compatible for Editor in 0,46 ms, found 1 plugins.
Preloading 0 native plugins for Editor in 0,00 ms.
Mono: successfully reloaded assembly
- Completed reload, in  1,145 seconds
Platform modules already initialized, skipping
Refreshing native plugins compatible for Editor in 0,45 ms, found 1 plugins.
Preloading 0 native plugins for Editor in 0,00 ms.
Unloading 2075 Unused Serialized files (Serialized files now loaded: 0)
System memory in use before: 88,4 MB.
System memory in use after: 88,3 MB.

Unloading 21 unused Assets to reduce memory usage. Loaded Objects now: 2543.
Total: 3,284267 ms (FindLiveObjects: 0,231337 ms CreateObjectMapping: 0,076495 ms MarkObjects: 2,852907 ms  DeleteObjects: 0,122453 ms)

========================================================================
Received Import Request.
  Time since last request: 454,054438 seconds.
  path: Assets/Bird/bird_animation.anim
  artifactKey: Guid(2f03a3cc8de2268159d8f25dc82f0034) Importer(815301076,1909f56bfc062723c751e8b465ee728b)
Start importing Assets/Bird/bird_animation.anim using Guid(2f03a3cc8de2268159d8f25dc82f0034) Importer(815301076,1909f56bfc062723c751e8b465ee728b)  -> (artifact id: '79cb27ab8216497b7984468d045c2bc7') in 0,013289 seconds
  Import took 0,016517 seconds .

========================================================================
Received Import Request.
  Time since last request: 0,000275 seconds.
  path: Assets/Bird/bird_animation.anim
  artifactKey: Guid(2f03a3cc8de2268159d8f25dc82f0034) Importer(815301076,1909f56bfc062723c751e8b465ee728b)
Start importing Assets/Bird/bird_animation.anim using Guid(2f03a3cc8de2268159d8f25dc82f0034) Importer(815301076,1909f56bfc062723c751e8b465ee728b)  -> (artifact id: '79cb27ab8216497b7984468d045c2bc7') in 0,001029 seconds
  Import took 0,004295 seconds .

========================================================================
Received Import Request.
  Time since last request: 599,893855 seconds.
  path: Assets/Bird/frame-1.controller
  artifactKey: Guid(f987bd6ef0404eea081263d42c61b0f6) Importer(815301076,1909f56bfc062723c751e8b465ee728b)
Start importing Assets/Bird/frame-1.controller using Guid(f987bd6ef0404eea081263d42c61b0f6) Importer(815301076,1909f56bfc062723c751e8b465ee728b)  -> (artifact id: '129f39b31b779ee5f909fc21e2784642') in 0,001724 seconds
  Import took 0,005243 seconds .

========================================================================
Received Import Request.
  Time since last request: 7,694346 seconds.
  path: Assets/Bird/green_bird.controller
  artifactKey: Guid(f987bd6ef0404eea081263d42c61b0f6) Importer(815301076,1909f56bfc062723c751e8b465ee728b)
Start importing Assets/Bird/green_bird.controller using Guid(f987bd6ef0404eea081263d42c61b0f6) Importer(815301076,1909f56bfc062723c751e8b465ee728b)  -> (artifact id: '51762f1e2aa0b3494744ff198054a9fa') in 0,001759 seconds
  Import took 0,005286 seconds .

========================================================================
Received Import Request.
  Time since last request: 9,989812 seconds.
  path: Assets/Bird/green_bir.anim
  artifactKey: Guid(2f03a3cc8de2268159d8f25dc82f0034) Importer(815301076,1909f56bfc062723c751e8b465ee728b)
Start importing Assets/Bird/green_bir.anim using Guid(2f03a3cc8de2268159d8f25dc82f0034) Importer(815301076,1909f56bfc062723c751e8b465ee728b)  -> (artifact id: 'eaaa9e7952db8ae47e97326f1817a89c') in 0,002444 seconds
  Import took 0,007476 seconds .

========================================================================
Received Import Request.
  Time since last request: 1,458459 seconds.
  path: Assets/Bird/green_bird.anim
  artifactKey: Guid(2f03a3cc8de2268159d8f25dc82f0034) Importer(815301076,1909f56bfc062723c751e8b465ee728b)
Start importing Assets/Bird/green_bird.anim using Guid(2f03a3cc8de2268159d8f25dc82f0034) Importer(815301076,1909f56bfc062723c751e8b465ee728b)  -> (artifact id: '3c6114b8cef4456aaf973a71197c699e') in 0,001776 seconds
  Import took 0,005197 seconds .

